2025-08-12 15:50:00.964 ERROR com.lamb.websocket.handler.ExceptionRestHandler   :36  
                [32m1955174919351246848[0;39m 系统异常，错误信息:
### Error updating database.  Cause: java.sql.SQLException: Field 'to_id' doesn't have a default value
### The error may exist in com/lamb/websocket/mapper/MessageMapper.java (best guess)
### The error may involve com.lamb.websocket.mapper.MessageMapper.insert-Inline
### The error occurred while setting parameters
### SQL: INSERT INTO t_message  ( from_id )  VALUES (  ?  )
### Cause: java.sql.SQLException: Field 'to_id' doesn't have a default value
; Field 'to_id' doesn't have a default value
2025-08-12 15:52:20.987 ERROR com.lamb.websocket.handler.ExceptionRestHandler   :36  
                [32m1955175507208118272[0;39m 系统异常，错误信息:
### Error updating database.  Cause: java.sql.SQLException: Field 'to_id' doesn't have a default value
### The error may exist in com/lamb/websocket/mapper/MessageMapper.java (best guess)
### The error may involve com.lamb.websocket.mapper.MessageMapper.insert-Inline
### The error occurred while setting parameters
### SQL: INSERT INTO t_message  ( from_id )  VALUES (  ?  )
### Cause: java.sql.SQLException: Field 'to_id' doesn't have a default value
; Field 'to_id' doesn't have a default value
2025-08-12 15:55:01.141 ERROR com.lamb.websocket.handler.ExceptionRestHandler   :36  
                [32m1955176178590318592[0;39m 系统异常，错误信息:
### Error updating database.  Cause: java.sql.SQLException: Field 'to_id' doesn't have a default value
### The error may exist in com/lamb/websocket/mapper/MessageMapper.java (best guess)
### The error may involve com.lamb.websocket.mapper.MessageMapper.insert-Inline
### The error occurred while setting parameters
### SQL: INSERT INTO t_message  ( from_id )  VALUES (  ?  )
### Cause: java.sql.SQLException: Field 'to_id' doesn't have a default value
; Field 'to_id' doesn't have a default value
2025-08-12 15:57:19.901 ERROR com.lamb.websocket.handler.ExceptionRestHandler   :36  
                [32m1955176760617168896[0;39m 系统异常，错误信息:
### Error updating database.  Cause: java.sql.SQLException: Field 'to_id' doesn't have a default value
### The error may exist in com/lamb/websocket/mapper/MessageMapper.java (best guess)
### The error may involve com.lamb.websocket.mapper.MessageMapper.insert-Inline
### The error occurred while setting parameters
### SQL: INSERT INTO t_message  ( from_id )  VALUES (  ?  )
### Cause: java.sql.SQLException: Field 'to_id' doesn't have a default value
; Field 'to_id' doesn't have a default value
2025-08-12 17:11:04.803 ERROR org.apache.tomcat.websocket.pojo.PojoEndpointBase :170 
                [32m1955187573788721152[0;39m No error handling configured for [com.lamb.websocket.websocket.ChatEndpoint] and the following error occurred
java.lang.NullPointerException: null
	at java.base/java.util.concurrent.ConcurrentHashMap.putVal(ConcurrentHashMap.java:1011)
	at java.base/java.util.concurrent.ConcurrentHashMap.put(ConcurrentHashMap.java:1006)
	at com.lamb.websocket.websocket.ChatEndpoint.onOpen(ChatEndpoint.java:50)
	at java.base/jdk.internal.reflect.NativeMethodAccessorImpl.invoke0(Native Method)
	at java.base/jdk.internal.reflect.NativeMethodAccessorImpl.invoke(NativeMethodAccessorImpl.java:77)
	at java.base/jdk.internal.reflect.DelegatingMethodAccessorImpl.invoke(DelegatingMethodAccessorImpl.java:43)
	at java.base/java.lang.reflect.Method.invoke(Method.java:568)
	at org.apache.tomcat.websocket.pojo.PojoEndpointBase.doOnOpen(PojoEndpointBase.java:67)
	at org.apache.tomcat.websocket.pojo.PojoEndpointServer.onOpen(PojoEndpointServer.java:46)
	at org.apache.tomcat.websocket.server.WsHttpUpgradeHandler.init(WsHttpUpgradeHandler.java:131)
	at org.apache.coyote.AbstractProtocol$ConnectionHandler.process(AbstractProtocol.java:945)
	at org.apache.tomcat.util.net.NioEndpoint$SocketProcessor.doRun(NioEndpoint.java:1769)
	at org.apache.tomcat.util.net.SocketProcessorBase.run(SocketProcessorBase.java:52)
	at org.apache.tomcat.util.threads.ThreadPoolExecutor.runWorker(ThreadPoolExecutor.java:1189)
	at org.apache.tomcat.util.threads.ThreadPoolExecutor$Worker.run(ThreadPoolExecutor.java:658)
	at org.apache.tomcat.util.threads.TaskThread$WrappingRunnable.run(TaskThread.java:63)
	at java.base/java.lang.Thread.run(Thread.java:842)
2025-08-12 17:11:04.810 ERROR org.apache.tomcat.websocket.pojo.PojoEndpointBase :170 
                [32m1955187573788721152[0;39m Failed to call onClose method of POJO end point for POJO of type [com.lamb.websocket.websocket.ChatEndpoint]
java.lang.reflect.InvocationTargetException: null
	at java.base/jdk.internal.reflect.NativeMethodAccessorImpl.invoke0(Native Method)
	at java.base/jdk.internal.reflect.NativeMethodAccessorImpl.invoke(NativeMethodAccessorImpl.java:77)
	at java.base/jdk.internal.reflect.DelegatingMethodAccessorImpl.invoke(DelegatingMethodAccessorImpl.java:43)
	at java.base/java.lang.reflect.Method.invoke(Method.java:568)
	at org.apache.tomcat.websocket.pojo.PojoEndpointBase.onClose(PojoEndpointBase.java:101)
	at org.apache.tomcat.websocket.WsSession.fireEndpointOnClose(WsSession.java:719)
	at org.apache.tomcat.websocket.WsSession.doClose(WsSession.java:576)
	at org.apache.tomcat.websocket.WsSession.doClose(WsSession.java:542)
	at org.apache.tomcat.websocket.WsSession.close(WsSession.java:530)
	at org.apache.tomcat.websocket.WsSession.close(WsSession.java:524)
	at org.apache.tomcat.websocket.pojo.PojoEndpointBase.handleOnOpenOrCloseError(PojoEndpointBase.java:90)
	at org.apache.tomcat.websocket.pojo.PojoEndpointBase.doOnOpen(PojoEndpointBase.java:75)
	at org.apache.tomcat.websocket.pojo.PojoEndpointServer.onOpen(PojoEndpointServer.java:46)
	at org.apache.tomcat.websocket.server.WsHttpUpgradeHandler.init(WsHttpUpgradeHandler.java:131)
	at org.apache.coyote.AbstractProtocol$ConnectionHandler.process(AbstractProtocol.java:945)
	at org.apache.tomcat.util.net.NioEndpoint$SocketProcessor.doRun(NioEndpoint.java:1769)
	at org.apache.tomcat.util.net.SocketProcessorBase.run(SocketProcessorBase.java:52)
	at org.apache.tomcat.util.threads.ThreadPoolExecutor.runWorker(ThreadPoolExecutor.java:1189)
	at org.apache.tomcat.util.threads.ThreadPoolExecutor$Worker.run(ThreadPoolExecutor.java:658)
	at org.apache.tomcat.util.threads.TaskThread$WrappingRunnable.run(TaskThread.java:63)
	at java.base/java.lang.Thread.run(Thread.java:842)
Caused by: java.lang.NullPointerException: Cannot invoke "Object.hashCode()" because "key" is null
	at java.base/java.util.concurrent.ConcurrentHashMap.replaceNode(ConcurrentHashMap.java:1111)
	at java.base/java.util.concurrent.ConcurrentHashMap.remove(ConcurrentHashMap.java:1102)
	at com.lamb.websocket.websocket.ChatEndpoint.onClose(ChatEndpoint.java:106)
	... 21 common frames omitted
2025-08-12 17:11:04.811 ERROR org.apache.tomcat.websocket.pojo.PojoEndpointBase :170 
                [32m1955187573788721152[0;39m No error handling configured for [com.lamb.websocket.websocket.ChatEndpoint] and the following error occurred
java.lang.reflect.InvocationTargetException: null
	at java.base/jdk.internal.reflect.NativeMethodAccessorImpl.invoke0(Native Method)
	at java.base/jdk.internal.reflect.NativeMethodAccessorImpl.invoke(NativeMethodAccessorImpl.java:77)
	at java.base/jdk.internal.reflect.DelegatingMethodAccessorImpl.invoke(DelegatingMethodAccessorImpl.java:43)
	at java.base/java.lang.reflect.Method.invoke(Method.java:568)
	at org.apache.tomcat.websocket.pojo.PojoEndpointBase.onClose(PojoEndpointBase.java:101)
	at org.apache.tomcat.websocket.WsSession.fireEndpointOnClose(WsSession.java:719)
	at org.apache.tomcat.websocket.WsSession.doClose(WsSession.java:576)
	at org.apache.tomcat.websocket.WsSession.doClose(WsSession.java:542)
	at org.apache.tomcat.websocket.WsSession.close(WsSession.java:530)
	at org.apache.tomcat.websocket.WsSession.close(WsSession.java:524)
	at org.apache.tomcat.websocket.pojo.PojoEndpointBase.handleOnOpenOrCloseError(PojoEndpointBase.java:90)
	at org.apache.tomcat.websocket.pojo.PojoEndpointBase.doOnOpen(PojoEndpointBase.java:75)
	at org.apache.tomcat.websocket.pojo.PojoEndpointServer.onOpen(PojoEndpointServer.java:46)
	at org.apache.tomcat.websocket.server.WsHttpUpgradeHandler.init(WsHttpUpgradeHandler.java:131)
	at org.apache.coyote.AbstractProtocol$ConnectionHandler.process(AbstractProtocol.java:945)
	at org.apache.tomcat.util.net.NioEndpoint$SocketProcessor.doRun(NioEndpoint.java:1769)
	at org.apache.tomcat.util.net.SocketProcessorBase.run(SocketProcessorBase.java:52)
	at org.apache.tomcat.util.threads.ThreadPoolExecutor.runWorker(ThreadPoolExecutor.java:1189)
	at org.apache.tomcat.util.threads.ThreadPoolExecutor$Worker.run(ThreadPoolExecutor.java:658)
	at org.apache.tomcat.util.threads.TaskThread$WrappingRunnable.run(TaskThread.java:63)
	at java.base/java.lang.Thread.run(Thread.java:842)
Caused by: java.lang.NullPointerException: Cannot invoke "Object.hashCode()" because "key" is null
	at java.base/java.util.concurrent.ConcurrentHashMap.replaceNode(ConcurrentHashMap.java:1111)
	at java.base/java.util.concurrent.ConcurrentHashMap.remove(ConcurrentHashMap.java:1102)
	at com.lamb.websocket.websocket.ChatEndpoint.onClose(ChatEndpoint.java:106)
	... 21 common frames omitted
2025-08-12 17:11:04.820 ERROR org.apache.tomcat.websocket.pojo.PojoEndpointBase :170 
                [32m1955187583385288704[0;39m No error handling configured for [com.lamb.websocket.websocket.ChatEndpoint] and the following error occurred
java.lang.NullPointerException: null
	at java.base/java.util.concurrent.ConcurrentHashMap.putVal(ConcurrentHashMap.java:1011)
	at java.base/java.util.concurrent.ConcurrentHashMap.put(ConcurrentHashMap.java:1006)
	at com.lamb.websocket.websocket.ChatEndpoint.onOpen(ChatEndpoint.java:50)
	at java.base/jdk.internal.reflect.NativeMethodAccessorImpl.invoke0(Native Method)
	at java.base/jdk.internal.reflect.NativeMethodAccessorImpl.invoke(NativeMethodAccessorImpl.java:77)
	at java.base/jdk.internal.reflect.DelegatingMethodAccessorImpl.invoke(DelegatingMethodAccessorImpl.java:43)
	at java.base/java.lang.reflect.Method.invoke(Method.java:568)
	at org.apache.tomcat.websocket.pojo.PojoEndpointBase.doOnOpen(PojoEndpointBase.java:67)
	at org.apache.tomcat.websocket.pojo.PojoEndpointServer.onOpen(PojoEndpointServer.java:46)
	at org.apache.tomcat.websocket.server.WsHttpUpgradeHandler.init(WsHttpUpgradeHandler.java:131)
	at org.apache.coyote.AbstractProtocol$ConnectionHandler.process(AbstractProtocol.java:945)
	at org.apache.tomcat.util.net.NioEndpoint$SocketProcessor.doRun(NioEndpoint.java:1769)
	at org.apache.tomcat.util.net.SocketProcessorBase.run(SocketProcessorBase.java:52)
	at org.apache.tomcat.util.threads.ThreadPoolExecutor.runWorker(ThreadPoolExecutor.java:1189)
	at org.apache.tomcat.util.threads.ThreadPoolExecutor$Worker.run(ThreadPoolExecutor.java:658)
	at org.apache.tomcat.util.threads.TaskThread$WrappingRunnable.run(TaskThread.java:63)
	at java.base/java.lang.Thread.run(Thread.java:842)
2025-08-12 17:11:04.821 ERROR org.apache.tomcat.websocket.pojo.PojoEndpointBase :170 
                [32m1955187583385288704[0;39m Failed to call onClose method of POJO end point for POJO of type [com.lamb.websocket.websocket.ChatEndpoint]
java.lang.reflect.InvocationTargetException: null
	at java.base/jdk.internal.reflect.NativeMethodAccessorImpl.invoke0(Native Method)
	at java.base/jdk.internal.reflect.NativeMethodAccessorImpl.invoke(NativeMethodAccessorImpl.java:77)
	at java.base/jdk.internal.reflect.DelegatingMethodAccessorImpl.invoke(DelegatingMethodAccessorImpl.java:43)
	at java.base/java.lang.reflect.Method.invoke(Method.java:568)
	at org.apache.tomcat.websocket.pojo.PojoEndpointBase.onClose(PojoEndpointBase.java:101)
	at org.apache.tomcat.websocket.WsSession.fireEndpointOnClose(WsSession.java:719)
	at org.apache.tomcat.websocket.WsSession.doClose(WsSession.java:576)
	at org.apache.tomcat.websocket.WsSession.doClose(WsSession.java:542)
	at org.apache.tomcat.websocket.WsSession.close(WsSession.java:530)
	at org.apache.tomcat.websocket.WsSession.close(WsSession.java:524)
	at org.apache.tomcat.websocket.pojo.PojoEndpointBase.handleOnOpenOrCloseError(PojoEndpointBase.java:90)
	at org.apache.tomcat.websocket.pojo.PojoEndpointBase.doOnOpen(PojoEndpointBase.java:75)
	at org.apache.tomcat.websocket.pojo.PojoEndpointServer.onOpen(PojoEndpointServer.java:46)
	at org.apache.tomcat.websocket.server.WsHttpUpgradeHandler.init(WsHttpUpgradeHandler.java:131)
	at org.apache.coyote.AbstractProtocol$ConnectionHandler.process(AbstractProtocol.java:945)
	at org.apache.tomcat.util.net.NioEndpoint$SocketProcessor.doRun(NioEndpoint.java:1769)
	at org.apache.tomcat.util.net.SocketProcessorBase.run(SocketProcessorBase.java:52)
	at org.apache.tomcat.util.threads.ThreadPoolExecutor.runWorker(ThreadPoolExecutor.java:1189)
	at org.apache.tomcat.util.threads.ThreadPoolExecutor$Worker.run(ThreadPoolExecutor.java:658)
	at org.apache.tomcat.util.threads.TaskThread$WrappingRunnable.run(TaskThread.java:63)
	at java.base/java.lang.Thread.run(Thread.java:842)
Caused by: java.lang.NullPointerException: Cannot invoke "Object.hashCode()" because "key" is null
	at java.base/java.util.concurrent.ConcurrentHashMap.replaceNode(ConcurrentHashMap.java:1111)
	at java.base/java.util.concurrent.ConcurrentHashMap.remove(ConcurrentHashMap.java:1102)
	at com.lamb.websocket.websocket.ChatEndpoint.onClose(ChatEndpoint.java:106)
	... 21 common frames omitted
2025-08-12 17:11:04.822 ERROR org.apache.tomcat.websocket.pojo.PojoEndpointBase :170 
                [32m1955187583385288704[0;39m No error handling configured for [com.lamb.websocket.websocket.ChatEndpoint] and the following error occurred
java.lang.reflect.InvocationTargetException: null
	at java.base/jdk.internal.reflect.NativeMethodAccessorImpl.invoke0(Native Method)
	at java.base/jdk.internal.reflect.NativeMethodAccessorImpl.invoke(NativeMethodAccessorImpl.java:77)
	at java.base/jdk.internal.reflect.DelegatingMethodAccessorImpl.invoke(DelegatingMethodAccessorImpl.java:43)
	at java.base/java.lang.reflect.Method.invoke(Method.java:568)
	at org.apache.tomcat.websocket.pojo.PojoEndpointBase.onClose(PojoEndpointBase.java:101)
	at org.apache.tomcat.websocket.WsSession.fireEndpointOnClose(WsSession.java:719)
	at org.apache.tomcat.websocket.WsSession.doClose(WsSession.java:576)
	at org.apache.tomcat.websocket.WsSession.doClose(WsSession.java:542)
	at org.apache.tomcat.websocket.WsSession.close(WsSession.java:530)
	at org.apache.tomcat.websocket.WsSession.close(WsSession.java:524)
	at org.apache.tomcat.websocket.pojo.PojoEndpointBase.handleOnOpenOrCloseError(PojoEndpointBase.java:90)
	at org.apache.tomcat.websocket.pojo.PojoEndpointBase.doOnOpen(PojoEndpointBase.java:75)
	at org.apache.tomcat.websocket.pojo.PojoEndpointServer.onOpen(PojoEndpointServer.java:46)
	at org.apache.tomcat.websocket.server.WsHttpUpgradeHandler.init(WsHttpUpgradeHandler.java:131)
	at org.apache.coyote.AbstractProtocol$ConnectionHandler.process(AbstractProtocol.java:945)
	at org.apache.tomcat.util.net.NioEndpoint$SocketProcessor.doRun(NioEndpoint.java:1769)
	at org.apache.tomcat.util.net.SocketProcessorBase.run(SocketProcessorBase.java:52)
	at org.apache.tomcat.util.threads.ThreadPoolExecutor.runWorker(ThreadPoolExecutor.java:1189)
	at org.apache.tomcat.util.threads.ThreadPoolExecutor$Worker.run(ThreadPoolExecutor.java:658)
	at org.apache.tomcat.util.threads.TaskThread$WrappingRunnable.run(TaskThread.java:63)
	at java.base/java.lang.Thread.run(Thread.java:842)
Caused by: java.lang.NullPointerException: Cannot invoke "Object.hashCode()" because "key" is null
	at java.base/java.util.concurrent.ConcurrentHashMap.replaceNode(ConcurrentHashMap.java:1111)
	at java.base/java.util.concurrent.ConcurrentHashMap.remove(ConcurrentHashMap.java:1102)
	at com.lamb.websocket.websocket.ChatEndpoint.onClose(ChatEndpoint.java:106)
	... 21 common frames omitted
2025-08-12 17:41:16.843 ERROR org.apache.tomcat.websocket.pojo.PojoEndpointBase :170 
                [32m1955199488225132544[0;39m Failed to call onClose method of POJO end point for POJO of type [com.lamb.websocket.websocket.ChatEndpoint]
java.lang.reflect.InvocationTargetException: null
	at java.base/jdk.internal.reflect.NativeMethodAccessorImpl.invoke0(Native Method)
	at java.base/jdk.internal.reflect.NativeMethodAccessorImpl.invoke(NativeMethodAccessorImpl.java:77)
	at java.base/jdk.internal.reflect.DelegatingMethodAccessorImpl.invoke(DelegatingMethodAccessorImpl.java:43)
	at java.base/java.lang.reflect.Method.invoke(Method.java:568)
	at org.apache.tomcat.websocket.pojo.PojoEndpointBase.onClose(PojoEndpointBase.java:101)
	at org.apache.tomcat.websocket.WsSession.fireEndpointOnClose(WsSession.java:719)
	at org.apache.tomcat.websocket.WsSession.onClose(WsSession.java:627)
	at org.apache.tomcat.websocket.WsFrameBase.processDataControl(WsFrameBase.java:346)
	at org.apache.tomcat.websocket.WsFrameBase.processData(WsFrameBase.java:278)
	at org.apache.tomcat.websocket.WsFrameBase.processInputBuffer(WsFrameBase.java:129)
	at org.apache.tomcat.websocket.server.WsFrameServer.onDataAvailable(WsFrameServer.java:85)
	at org.apache.tomcat.websocket.server.WsFrameServer.doOnDataAvailable(WsFrameServer.java:184)
	at org.apache.tomcat.websocket.server.WsFrameServer.notifyDataAvailable(WsFrameServer.java:164)
	at org.apache.tomcat.websocket.server.WsHttpUpgradeHandler.upgradeDispatch(WsHttpUpgradeHandler.java:152)
	at org.apache.coyote.http11.upgrade.UpgradeProcessorInternal.dispatch(UpgradeProcessorInternal.java:60)
	at org.apache.coyote.AbstractProcessorLight.process(AbstractProcessorLight.java:57)
	at org.apache.coyote.AbstractProtocol$ConnectionHandler.process(AbstractProtocol.java:903)
	at org.apache.tomcat.util.net.NioEndpoint$SocketProcessor.doRun(NioEndpoint.java:1769)
	at org.apache.tomcat.util.net.SocketProcessorBase.run(SocketProcessorBase.java:52)
	at org.apache.tomcat.util.threads.ThreadPoolExecutor.runWorker(ThreadPoolExecutor.java:1189)
	at org.apache.tomcat.util.threads.ThreadPoolExecutor$Worker.run(ThreadPoolExecutor.java:658)
	at org.apache.tomcat.util.threads.TaskThread$WrappingRunnable.run(TaskThread.java:63)
	at java.base/java.lang.Thread.run(Thread.java:842)
Caused by: java.lang.IllegalStateException: The remote endpoint was in state [TEXT_FULL_WRITING] which is an invalid state for called method
	at org.apache.tomcat.websocket.WsRemoteEndpointImplBase$StateMachine.checkState(WsRemoteEndpointImplBase.java:1250)
	at org.apache.tomcat.websocket.WsRemoteEndpointImplBase$StateMachine.textStart(WsRemoteEndpointImplBase.java:1220)
	at org.apache.tomcat.websocket.WsRemoteEndpointImplBase.sendString(WsRemoteEndpointImplBase.java:191)
	at org.apache.tomcat.websocket.WsRemoteEndpointBasic.sendText(WsRemoteEndpointBasic.java:36)
	at com.lamb.websocket.websocket.ChatEndpoint.broadcastMessage(ChatEndpoint.java:80)
	at com.lamb.websocket.websocket.ChatEndpoint.onClose(ChatEndpoint.java:114)
	... 23 common frames omitted
2025-08-12 17:41:16.846 ERROR org.apache.tomcat.websocket.pojo.PojoEndpointBase :170 
                [32m1955199488225132544[0;39m No error handling configured for [com.lamb.websocket.websocket.ChatEndpoint] and the following error occurred
java.lang.reflect.InvocationTargetException: null
	at java.base/jdk.internal.reflect.NativeMethodAccessorImpl.invoke0(Native Method)
	at java.base/jdk.internal.reflect.NativeMethodAccessorImpl.invoke(NativeMethodAccessorImpl.java:77)
	at java.base/jdk.internal.reflect.DelegatingMethodAccessorImpl.invoke(DelegatingMethodAccessorImpl.java:43)
	at java.base/java.lang.reflect.Method.invoke(Method.java:568)
	at org.apache.tomcat.websocket.pojo.PojoEndpointBase.onClose(PojoEndpointBase.java:101)
	at org.apache.tomcat.websocket.WsSession.fireEndpointOnClose(WsSession.java:719)
	at org.apache.tomcat.websocket.WsSession.onClose(WsSession.java:627)
	at org.apache.tomcat.websocket.WsFrameBase.processDataControl(WsFrameBase.java:346)
	at org.apache.tomcat.websocket.WsFrameBase.processData(WsFrameBase.java:278)
	at org.apache.tomcat.websocket.WsFrameBase.processInputBuffer(WsFrameBase.java:129)
	at org.apache.tomcat.websocket.server.WsFrameServer.onDataAvailable(WsFrameServer.java:85)
	at org.apache.tomcat.websocket.server.WsFrameServer.doOnDataAvailable(WsFrameServer.java:184)
	at org.apache.tomcat.websocket.server.WsFrameServer.notifyDataAvailable(WsFrameServer.java:164)
	at org.apache.tomcat.websocket.server.WsHttpUpgradeHandler.upgradeDispatch(WsHttpUpgradeHandler.java:152)
	at org.apache.coyote.http11.upgrade.UpgradeProcessorInternal.dispatch(UpgradeProcessorInternal.java:60)
	at org.apache.coyote.AbstractProcessorLight.process(AbstractProcessorLight.java:57)
	at org.apache.coyote.AbstractProtocol$ConnectionHandler.process(AbstractProtocol.java:903)
	at org.apache.tomcat.util.net.NioEndpoint$SocketProcessor.doRun(NioEndpoint.java:1769)
	at org.apache.tomcat.util.net.SocketProcessorBase.run(SocketProcessorBase.java:52)
	at org.apache.tomcat.util.threads.ThreadPoolExecutor.runWorker(ThreadPoolExecutor.java:1189)
	at org.apache.tomcat.util.threads.ThreadPoolExecutor$Worker.run(ThreadPoolExecutor.java:658)
	at org.apache.tomcat.util.threads.TaskThread$WrappingRunnable.run(TaskThread.java:63)
	at java.base/java.lang.Thread.run(Thread.java:842)
Caused by: java.lang.IllegalStateException: The remote endpoint was in state [TEXT_FULL_WRITING] which is an invalid state for called method
	at org.apache.tomcat.websocket.WsRemoteEndpointImplBase$StateMachine.checkState(WsRemoteEndpointImplBase.java:1250)
	at org.apache.tomcat.websocket.WsRemoteEndpointImplBase$StateMachine.textStart(WsRemoteEndpointImplBase.java:1220)
	at org.apache.tomcat.websocket.WsRemoteEndpointImplBase.sendString(WsRemoteEndpointImplBase.java:191)
	at org.apache.tomcat.websocket.WsRemoteEndpointBasic.sendText(WsRemoteEndpointBasic.java:36)
	at com.lamb.websocket.websocket.ChatEndpoint.broadcastMessage(ChatEndpoint.java:80)
	at com.lamb.websocket.websocket.ChatEndpoint.onClose(ChatEndpoint.java:114)
	... 23 common frames omitted
2025-08-12 17:45:12.208 ERROR org.apache.tomcat.websocket.pojo.PojoEndpointBase :170 
                [32m1955203394028126208[0;39m No error handling configured for [com.lamb.websocket.websocket.ChatEndpoint] and the following error occurred
java.lang.IllegalStateException: The remote endpoint was in state [TEXT_FULL_WRITING] which is an invalid state for called method
	at org.apache.tomcat.websocket.WsRemoteEndpointImplBase$StateMachine.checkState(WsRemoteEndpointImplBase.java:1250)
	at org.apache.tomcat.websocket.WsRemoteEndpointImplBase$StateMachine.textStart(WsRemoteEndpointImplBase.java:1220)
	at org.apache.tomcat.websocket.WsRemoteEndpointImplBase.sendString(WsRemoteEndpointImplBase.java:191)
	at org.apache.tomcat.websocket.WsRemoteEndpointBasic.sendText(WsRemoteEndpointBasic.java:36)
	at com.lamb.websocket.websocket.ChatEndpoint.broadcastMessage(ChatEndpoint.java:80)
	at com.lamb.websocket.websocket.ChatEndpoint.onOpen(ChatEndpoint.java:57)
	at java.base/jdk.internal.reflect.NativeMethodAccessorImpl.invoke0(Native Method)
	at java.base/jdk.internal.reflect.NativeMethodAccessorImpl.invoke(NativeMethodAccessorImpl.java:77)
	at java.base/jdk.internal.reflect.DelegatingMethodAccessorImpl.invoke(DelegatingMethodAccessorImpl.java:43)
	at java.base/java.lang.reflect.Method.invoke(Method.java:568)
	at org.apache.tomcat.websocket.pojo.PojoEndpointBase.doOnOpen(PojoEndpointBase.java:67)
	at org.apache.tomcat.websocket.pojo.PojoEndpointServer.onOpen(PojoEndpointServer.java:46)
	at org.apache.tomcat.websocket.server.WsHttpUpgradeHandler.init(WsHttpUpgradeHandler.java:131)
	at org.apache.coyote.AbstractProtocol$ConnectionHandler.process(AbstractProtocol.java:945)
	at org.apache.tomcat.util.net.NioEndpoint$SocketProcessor.doRun(NioEndpoint.java:1769)
	at org.apache.tomcat.util.net.SocketProcessorBase.run(SocketProcessorBase.java:52)
	at org.apache.tomcat.util.threads.ThreadPoolExecutor.runWorker(ThreadPoolExecutor.java:1189)
	at org.apache.tomcat.util.threads.ThreadPoolExecutor$Worker.run(ThreadPoolExecutor.java:658)
	at org.apache.tomcat.util.threads.TaskThread$WrappingRunnable.run(TaskThread.java:63)
	at java.base/java.lang.Thread.run(Thread.java:842)
2025-08-12 17:45:12.209 ERROR org.apache.tomcat.websocket.pojo.PojoEndpointBase :170 
                [32m1955202763716509696[0;39m No error handling configured for [com.lamb.websocket.websocket.ChatEndpoint] and the following error occurred
java.lang.IllegalStateException: Message will not be sent because the WebSocket session has been closed
	at org.apache.tomcat.websocket.WsRemoteEndpointImplBase.writeMessagePart(WsRemoteEndpointImplBase.java:455)
	at org.apache.tomcat.websocket.WsRemoteEndpointImplBase.sendMessageBlockInternal(WsRemoteEndpointImplBase.java:313)
	at org.apache.tomcat.websocket.WsRemoteEndpointImplBase.sendMessageBlock(WsRemoteEndpointImplBase.java:266)
	at org.apache.tomcat.websocket.WsRemoteEndpointImplBase.sendMessageBlock(WsRemoteEndpointImplBase.java:250)
	at org.apache.tomcat.websocket.WsRemoteEndpointImplBase.sendString(WsRemoteEndpointImplBase.java:192)
	at org.apache.tomcat.websocket.WsRemoteEndpointBasic.sendText(WsRemoteEndpointBasic.java:36)
	at com.lamb.websocket.websocket.ChatEndpoint.broadcastMessage(ChatEndpoint.java:80)
	at com.lamb.websocket.websocket.ChatEndpoint.onOpen(ChatEndpoint.java:57)
	at java.base/jdk.internal.reflect.NativeMethodAccessorImpl.invoke0(Native Method)
	at java.base/jdk.internal.reflect.NativeMethodAccessorImpl.invoke(NativeMethodAccessorImpl.java:77)
	at java.base/jdk.internal.reflect.DelegatingMethodAccessorImpl.invoke(DelegatingMethodAccessorImpl.java:43)
	at java.base/java.lang.reflect.Method.invoke(Method.java:568)
	at org.apache.tomcat.websocket.pojo.PojoEndpointBase.doOnOpen(PojoEndpointBase.java:67)
	at org.apache.tomcat.websocket.pojo.PojoEndpointServer.onOpen(PojoEndpointServer.java:46)
	at org.apache.tomcat.websocket.server.WsHttpUpgradeHandler.init(WsHttpUpgradeHandler.java:131)
	at org.apache.coyote.AbstractProtocol$ConnectionHandler.process(AbstractProtocol.java:945)
	at org.apache.tomcat.util.net.NioEndpoint$SocketProcessor.doRun(NioEndpoint.java:1769)
	at org.apache.tomcat.util.net.SocketProcessorBase.run(SocketProcessorBase.java:52)
	at org.apache.tomcat.util.threads.ThreadPoolExecutor.runWorker(ThreadPoolExecutor.java:1189)
	at org.apache.tomcat.util.threads.ThreadPoolExecutor$Worker.run(ThreadPoolExecutor.java:658)
	at org.apache.tomcat.util.threads.TaskThread$WrappingRunnable.run(TaskThread.java:63)
	at java.base/java.lang.Thread.run(Thread.java:842)
2025-08-12 17:45:12.211 ERROR org.apache.tomcat.websocket.pojo.PojoEndpointBase :170 
                [32m1955203394028126208[0;39m Failed to call onClose method of POJO end point for POJO of type [com.lamb.websocket.websocket.ChatEndpoint]
java.lang.reflect.InvocationTargetException: null
	at java.base/jdk.internal.reflect.NativeMethodAccessorImpl.invoke0(Native Method)
	at java.base/jdk.internal.reflect.NativeMethodAccessorImpl.invoke(NativeMethodAccessorImpl.java:77)
	at java.base/jdk.internal.reflect.DelegatingMethodAccessorImpl.invoke(DelegatingMethodAccessorImpl.java:43)
	at java.base/java.lang.reflect.Method.invoke(Method.java:568)
	at org.apache.tomcat.websocket.pojo.PojoEndpointBase.onClose(PojoEndpointBase.java:101)
	at org.apache.tomcat.websocket.WsSession.fireEndpointOnClose(WsSession.java:719)
	at org.apache.tomcat.websocket.WsSession.doClose(WsSession.java:576)
	at org.apache.tomcat.websocket.WsSession.doClose(WsSession.java:542)
	at org.apache.tomcat.websocket.WsSession.close(WsSession.java:530)
	at org.apache.tomcat.websocket.WsSession.close(WsSession.java:524)
	at org.apache.tomcat.websocket.pojo.PojoEndpointBase.handleOnOpenOrCloseError(PojoEndpointBase.java:90)
	at org.apache.tomcat.websocket.pojo.PojoEndpointBase.doOnOpen(PojoEndpointBase.java:75)
	at org.apache.tomcat.websocket.pojo.PojoEndpointServer.onOpen(PojoEndpointServer.java:46)
	at org.apache.tomcat.websocket.server.WsHttpUpgradeHandler.init(WsHttpUpgradeHandler.java:131)
	at org.apache.coyote.AbstractProtocol$ConnectionHandler.process(AbstractProtocol.java:945)
	at org.apache.tomcat.util.net.NioEndpoint$SocketProcessor.doRun(NioEndpoint.java:1769)
	at org.apache.tomcat.util.net.SocketProcessorBase.run(SocketProcessorBase.java:52)
	at org.apache.tomcat.util.threads.ThreadPoolExecutor.runWorker(ThreadPoolExecutor.java:1189)
	at org.apache.tomcat.util.threads.ThreadPoolExecutor$Worker.run(ThreadPoolExecutor.java:658)
	at org.apache.tomcat.util.threads.TaskThread$WrappingRunnable.run(TaskThread.java:63)
	at java.base/java.lang.Thread.run(Thread.java:842)
Caused by: java.lang.IllegalStateException: Message will not be sent because the WebSocket session has been closed
	at org.apache.tomcat.websocket.WsRemoteEndpointImplBase.writeMessagePart(WsRemoteEndpointImplBase.java:455)
	at org.apache.tomcat.websocket.WsRemoteEndpointImplBase.sendMessageBlockInternal(WsRemoteEndpointImplBase.java:313)
	at org.apache.tomcat.websocket.WsRemoteEndpointImplBase.sendMessageBlock(WsRemoteEndpointImplBase.java:266)
	at org.apache.tomcat.websocket.WsRemoteEndpointImplBase.sendMessageBlock(WsRemoteEndpointImplBase.java:250)
	at org.apache.tomcat.websocket.WsRemoteEndpointImplBase.sendString(WsRemoteEndpointImplBase.java:192)
	at org.apache.tomcat.websocket.WsRemoteEndpointBasic.sendText(WsRemoteEndpointBasic.java:36)
	at com.lamb.websocket.websocket.ChatEndpoint.broadcastMessage(ChatEndpoint.java:80)
	at com.lamb.websocket.websocket.ChatEndpoint.onClose(ChatEndpoint.java:114)
	... 21 common frames omitted
2025-08-12 17:45:12.212 ERROR org.apache.tomcat.websocket.pojo.PojoEndpointBase :170 
                [32m1955203394028126208[0;39m No error handling configured for [com.lamb.websocket.websocket.ChatEndpoint] and the following error occurred
java.lang.reflect.InvocationTargetException: null
	at java.base/jdk.internal.reflect.NativeMethodAccessorImpl.invoke0(Native Method)
	at java.base/jdk.internal.reflect.NativeMethodAccessorImpl.invoke(NativeMethodAccessorImpl.java:77)
	at java.base/jdk.internal.reflect.DelegatingMethodAccessorImpl.invoke(DelegatingMethodAccessorImpl.java:43)
	at java.base/java.lang.reflect.Method.invoke(Method.java:568)
	at org.apache.tomcat.websocket.pojo.PojoEndpointBase.onClose(PojoEndpointBase.java:101)
	at org.apache.tomcat.websocket.WsSession.fireEndpointOnClose(WsSession.java:719)
	at org.apache.tomcat.websocket.WsSession.doClose(WsSession.java:576)
	at org.apache.tomcat.websocket.WsSession.doClose(WsSession.java:542)
	at org.apache.tomcat.websocket.WsSession.close(WsSession.java:530)
	at org.apache.tomcat.websocket.WsSession.close(WsSession.java:524)
	at org.apache.tomcat.websocket.pojo.PojoEndpointBase.handleOnOpenOrCloseError(PojoEndpointBase.java:90)
	at org.apache.tomcat.websocket.pojo.PojoEndpointBase.doOnOpen(PojoEndpointBase.java:75)
	at org.apache.tomcat.websocket.pojo.PojoEndpointServer.onOpen(PojoEndpointServer.java:46)
	at org.apache.tomcat.websocket.server.WsHttpUpgradeHandler.init(WsHttpUpgradeHandler.java:131)
	at org.apache.coyote.AbstractProtocol$ConnectionHandler.process(AbstractProtocol.java:945)
	at org.apache.tomcat.util.net.NioEndpoint$SocketProcessor.doRun(NioEndpoint.java:1769)
	at org.apache.tomcat.util.net.SocketProcessorBase.run(SocketProcessorBase.java:52)
	at org.apache.tomcat.util.threads.ThreadPoolExecutor.runWorker(ThreadPoolExecutor.java:1189)
	at org.apache.tomcat.util.threads.ThreadPoolExecutor$Worker.run(ThreadPoolExecutor.java:658)
	at org.apache.tomcat.util.threads.TaskThread$WrappingRunnable.run(TaskThread.java:63)
	at java.base/java.lang.Thread.run(Thread.java:842)
Caused by: java.lang.IllegalStateException: Message will not be sent because the WebSocket session has been closed
	at org.apache.tomcat.websocket.WsRemoteEndpointImplBase.writeMessagePart(WsRemoteEndpointImplBase.java:455)
	at org.apache.tomcat.websocket.WsRemoteEndpointImplBase.sendMessageBlockInternal(WsRemoteEndpointImplBase.java:313)
	at org.apache.tomcat.websocket.WsRemoteEndpointImplBase.sendMessageBlock(WsRemoteEndpointImplBase.java:266)
	at org.apache.tomcat.websocket.WsRemoteEndpointImplBase.sendMessageBlock(WsRemoteEndpointImplBase.java:250)
	at org.apache.tomcat.websocket.WsRemoteEndpointImplBase.sendString(WsRemoteEndpointImplBase.java:192)
	at org.apache.tomcat.websocket.WsRemoteEndpointBasic.sendText(WsRemoteEndpointBasic.java:36)
	at com.lamb.websocket.websocket.ChatEndpoint.broadcastMessage(ChatEndpoint.java:80)
	at com.lamb.websocket.websocket.ChatEndpoint.onClose(ChatEndpoint.java:114)
	... 21 common frames omitted
2025-08-12 17:45:21.725 ERROR org.apache.tomcat.websocket.pojo.PojoEndpointBase :170 
                [32m1955202763716509696[0;39m Failed to call onClose method of POJO end point for POJO of type [com.lamb.websocket.websocket.ChatEndpoint]
java.lang.reflect.InvocationTargetException: null
	at java.base/jdk.internal.reflect.NativeMethodAccessorImpl.invoke0(Native Method)
	at java.base/jdk.internal.reflect.NativeMethodAccessorImpl.invoke(NativeMethodAccessorImpl.java:77)
	at java.base/jdk.internal.reflect.DelegatingMethodAccessorImpl.invoke(DelegatingMethodAccessorImpl.java:43)
	at java.base/java.lang.reflect.Method.invoke(Method.java:568)
	at org.apache.tomcat.websocket.pojo.PojoEndpointBase.onClose(PojoEndpointBase.java:101)
	at org.apache.tomcat.websocket.WsSession.fireEndpointOnClose(WsSession.java:719)
	at org.apache.tomcat.websocket.WsSession.onClose(WsSession.java:627)
	at org.apache.tomcat.websocket.WsFrameBase.processDataControl(WsFrameBase.java:346)
	at org.apache.tomcat.websocket.WsFrameBase.processData(WsFrameBase.java:278)
	at org.apache.tomcat.websocket.WsFrameBase.processInputBuffer(WsFrameBase.java:129)
	at org.apache.tomcat.websocket.server.WsFrameServer.onDataAvailable(WsFrameServer.java:85)
	at org.apache.tomcat.websocket.server.WsFrameServer.doOnDataAvailable(WsFrameServer.java:184)
	at org.apache.tomcat.websocket.server.WsFrameServer.notifyDataAvailable(WsFrameServer.java:164)
	at org.apache.tomcat.websocket.server.WsHttpUpgradeHandler.upgradeDispatch(WsHttpUpgradeHandler.java:152)
	at org.apache.coyote.http11.upgrade.UpgradeProcessorInternal.dispatch(UpgradeProcessorInternal.java:60)
	at org.apache.coyote.AbstractProcessorLight.process(AbstractProcessorLight.java:57)
	at org.apache.coyote.AbstractProtocol$ConnectionHandler.process(AbstractProtocol.java:903)
	at org.apache.tomcat.util.net.NioEndpoint$SocketProcessor.doRun(NioEndpoint.java:1769)
	at org.apache.tomcat.util.net.SocketProcessorBase.run(SocketProcessorBase.java:52)
	at org.apache.tomcat.util.threads.ThreadPoolExecutor.runWorker(ThreadPoolExecutor.java:1189)
	at org.apache.tomcat.util.threads.ThreadPoolExecutor$Worker.run(ThreadPoolExecutor.java:658)
	at org.apache.tomcat.util.threads.TaskThread$WrappingRunnable.run(TaskThread.java:63)
	at java.base/java.lang.Thread.run(Thread.java:842)
Caused by: java.lang.IllegalStateException: The remote endpoint was in state [TEXT_FULL_WRITING] which is an invalid state for called method
	at org.apache.tomcat.websocket.WsRemoteEndpointImplBase$StateMachine.checkState(WsRemoteEndpointImplBase.java:1250)
	at org.apache.tomcat.websocket.WsRemoteEndpointImplBase$StateMachine.textStart(WsRemoteEndpointImplBase.java:1220)
	at org.apache.tomcat.websocket.WsRemoteEndpointImplBase.sendString(WsRemoteEndpointImplBase.java:191)
	at org.apache.tomcat.websocket.WsRemoteEndpointBasic.sendText(WsRemoteEndpointBasic.java:36)
	at com.lamb.websocket.websocket.ChatEndpoint.broadcastMessage(ChatEndpoint.java:80)
	at com.lamb.websocket.websocket.ChatEndpoint.onClose(ChatEndpoint.java:114)
	... 23 common frames omitted
2025-08-12 17:45:21.726 ERROR org.apache.tomcat.websocket.pojo.PojoEndpointBase :170 
                [32m1955202763716509696[0;39m No error handling configured for [com.lamb.websocket.websocket.ChatEndpoint] and the following error occurred
java.lang.reflect.InvocationTargetException: null
	at java.base/jdk.internal.reflect.NativeMethodAccessorImpl.invoke0(Native Method)
	at java.base/jdk.internal.reflect.NativeMethodAccessorImpl.invoke(NativeMethodAccessorImpl.java:77)
	at java.base/jdk.internal.reflect.DelegatingMethodAccessorImpl.invoke(DelegatingMethodAccessorImpl.java:43)
	at java.base/java.lang.reflect.Method.invoke(Method.java:568)
	at org.apache.tomcat.websocket.pojo.PojoEndpointBase.onClose(PojoEndpointBase.java:101)
	at org.apache.tomcat.websocket.WsSession.fireEndpointOnClose(WsSession.java:719)
	at org.apache.tomcat.websocket.WsSession.onClose(WsSession.java:627)
	at org.apache.tomcat.websocket.WsFrameBase.processDataControl(WsFrameBase.java:346)
	at org.apache.tomcat.websocket.WsFrameBase.processData(WsFrameBase.java:278)
	at org.apache.tomcat.websocket.WsFrameBase.processInputBuffer(WsFrameBase.java:129)
	at org.apache.tomcat.websocket.server.WsFrameServer.onDataAvailable(WsFrameServer.java:85)
	at org.apache.tomcat.websocket.server.WsFrameServer.doOnDataAvailable(WsFrameServer.java:184)
	at org.apache.tomcat.websocket.server.WsFrameServer.notifyDataAvailable(WsFrameServer.java:164)
	at org.apache.tomcat.websocket.server.WsHttpUpgradeHandler.upgradeDispatch(WsHttpUpgradeHandler.java:152)
	at org.apache.coyote.http11.upgrade.UpgradeProcessorInternal.dispatch(UpgradeProcessorInternal.java:60)
	at org.apache.coyote.AbstractProcessorLight.process(AbstractProcessorLight.java:57)
	at org.apache.coyote.AbstractProtocol$ConnectionHandler.process(AbstractProtocol.java:903)
	at org.apache.tomcat.util.net.NioEndpoint$SocketProcessor.doRun(NioEndpoint.java:1769)
	at org.apache.tomcat.util.net.SocketProcessorBase.run(SocketProcessorBase.java:52)
	at org.apache.tomcat.util.threads.ThreadPoolExecutor.runWorker(ThreadPoolExecutor.java:1189)
	at org.apache.tomcat.util.threads.ThreadPoolExecutor$Worker.run(ThreadPoolExecutor.java:658)
	at org.apache.tomcat.util.threads.TaskThread$WrappingRunnable.run(TaskThread.java:63)
	at java.base/java.lang.Thread.run(Thread.java:842)
Caused by: java.lang.IllegalStateException: The remote endpoint was in state [TEXT_FULL_WRITING] which is an invalid state for called method
	at org.apache.tomcat.websocket.WsRemoteEndpointImplBase$StateMachine.checkState(WsRemoteEndpointImplBase.java:1250)
	at org.apache.tomcat.websocket.WsRemoteEndpointImplBase$StateMachine.textStart(WsRemoteEndpointImplBase.java:1220)
	at org.apache.tomcat.websocket.WsRemoteEndpointImplBase.sendString(WsRemoteEndpointImplBase.java:191)
	at org.apache.tomcat.websocket.WsRemoteEndpointBasic.sendText(WsRemoteEndpointBasic.java:36)
	at com.lamb.websocket.websocket.ChatEndpoint.broadcastMessage(ChatEndpoint.java:80)
	at com.lamb.websocket.websocket.ChatEndpoint.onClose(ChatEndpoint.java:114)
	... 23 common frames omitted
